
> jpsrealtor@0.1.0 build
> next build

 ⚠ `skipMiddlewareUrlNormalize` is deprecated. Please use `skipProxyUrlNormalize` instead in next.config.mjs.
 ⚠ Invalid next.config.mjs options detected: 
 ⚠     Unrecognized key(s) in object: 'turbo' at "experimental"
 ⚠ See more info here: https://nextjs.org/docs/messages/invalid-next-config
   ▲ Next.js 16.0.7 (Turbopack)
   - Environments: .env.local
   - Experiments (use with caution):
     ? turbo (invalid experimental key)

   Creating an optimized production build ...
Turbopack build encountered 1 warnings:
./src/app/api/crm/contacts/analyze/route.ts:22:14
Next.js can't recognize the exported `config` field in route. Page config in `config` is deprecated and ignored, use individual exports instead.
[0m [90m 20 |[39m
 [90m 21 |[39m [90m// Disable body parsing to handle file uploads[39m
[31m[1m>[22m[39m[90m 22 |[39m [36mexport[39m [36mconst[39m config [33m=[39m {
 [90m    |[39m              [31m[1m^[22m[39m[31m[1m^[22m[39m[31m[1m^[22m[39m[31m[1m^[22m[39m[31m[1m^[22m[39m[31m[1m^[22m[39m
 [90m 23 |[39m   api[33m:[39m {
 [90m 24 |[39m     bodyParser[33m:[39m [36mfalse[39m[33m,[39m
 [90m 25 |[39m   }[33m,[39m[0m

The exported configuration object in a source file needs to have a very specific format from which some properties can be statically parsed at compiled-time.

https://nextjs.org/docs/app/api-reference/file-conventions/route-segment-config


 ✓ Compiled successfully in 18.4s
   Running TypeScript ...
Failed to compile.

./src/app/api/crm/labels/[id]/create-campaign/route.ts:112:32
Type error: Property 'contactCount' does not exist on type 'Document<unknown, {}, ICampaign, {}> & ICampaign & Required<{ _id: ObjectId; }> & { __v: number; }'.

[0m [90m 110 |[39m         _id[33m:[39m campaign[33m.[39m_id[33m,[39m
 [90m 111 |[39m         name[33m:[39m campaign[33m.[39mname[33m,[39m
[31m[1m>[22m[39m[90m 112 |[39m         contactCount[33m:[39m campaign[33m.[39mcontactCount[33m,[39m
 [90m     |[39m                                [31m[1m^[22m[39m
 [90m 113 |[39m         status[33m:[39m campaign[33m.[39mstatus[33m,[39m
 [90m 114 |[39m       }[33m,[39m
 [90m 115 |[39m       message[33m:[39m [32m`Campaign created with ${contacts.length} contacts from "${label.name}"`[39m[33m,[39m[0m
Next.js build worker exited with code: 1 and signal: null
