t=2026-01-12T13:33:20-0800 lvl=info msg="no configuration paths supplied"
t=2026-01-12T13:33:20-0800 lvl=info msg="using configuration at default config path" path=C:\\Users\\DellaMSI\\AppData\\Local/ngrok/ngrok.yml
t=2026-01-12T13:33:20-0800 lvl=info msg="open config file" path=C:\\Users\\DellaMSI\\AppData\\Local\\ngrok\\ngrok.yml err=nil
t=2026-01-12T13:33:20-0800 lvl=info msg="FIPS 140 mode" enabled=false
t=2026-01-12T13:33:20-0800 lvl=info msg="starting web service" obj=web addr=127.0.0.1:4040 allow_hosts=[]
t=2026-01-12T13:33:20-0800 lvl=eror msg="failed to reconnect session" obj=tunnels.session err="authentication failed: The authtoken you specified does not look like a proper ngrok authtoken.\nYour authtoken: 2BAtsmRjLHwwuHljEp9d49b4t8F_38Ar0EMjilm0w\nInstructions to install your authtoken are on your ngrok dashboard:\nhttps://dashboard.ngrok.com/get-started/your-authtoken\r\n\r\nERR_NGROK_105\r\n"
t=2026-01-12T13:33:20-0800 lvl=eror msg="session closing" obj=tunnels.session err="authentication failed: The authtoken you specified does not look like a proper ngrok authtoken.\nYour authtoken: 2BAtsmRjLHwwuHljEp9d49b4t8F_38Ar0EMjilm0w\nInstructions to install your authtoken are on your ngrok dashboard:\nhttps://dashboard.ngrok.com/get-started/your-authtoken\r\n\r\nERR_NGROK_105\r\n"
t=2026-01-12T13:33:20-0800 lvl=info msg="received stop request" obj=app stopReq="{err:{Remote:true Inner:{Inner:0xc00070c130}} restart:false}"
t=2026-01-12T13:33:20-0800 lvl=eror msg="terminating with error" obj=app err="authentication failed: The authtoken you specified does not look like a proper ngrok authtoken.\nYour authtoken: 2BAtsmRjLHwwuHljEp9d49b4t8F_38Ar0EMjilm0w\nInstructions to install your authtoken are on your ngrok dashboard:\nhttps://dashboard.ngrok.com/get-started/your-authtoken\r\n\r\nERR_NGROK_105\r\n"
t=2026-01-12T13:33:20-0800 lvl=crit msg="command failed" err="authentication failed: The authtoken you specified does not look like a proper ngrok authtoken.\nYour authtoken: 2BAtsmRjLHwwuHljEp9d49b4t8F_38Ar0EMjilm0w\nInstructions to install your authtoken are on your ngrok dashboard:\nhttps://dashboard.ngrok.com/get-started/your-authtoken\r\n\r\nERR_NGROK_105\r\n"
ERROR:  authentication failed: The authtoken you specified does not look like a proper ngrok authtoken.
ERROR:  Your authtoken: 2BAtsmRjLHwwuHljEp9d49b4t8F_38Ar0EMjilm0w
ERROR:  Instructions to install your authtoken are on your ngrok dashboard:
ERROR:  https://dashboard.ngrok.com/get-started/your-authtoken
t=2026-01-12T13:33:20-0800 lvl=warn msg="failed to check for update" obj=updater err="Post \"https://update.equinox.io/check\": context canceled"
ERROR:  
ERROR:  ERR_NGROK_105
ERROR:  https://ngrok.com/docs/errors/err_ngrok_105
ERROR:  
t=2026-01-12T13:33:20-0800 lvl=info msg="no more state changes" obj=tunnels.session
